2025-12-03 21:50:12,498 - INFO = =====================================
2025-12-03 21:50:12,498 - INFO = STARTING TEST: test_01_positive_login_1
2025-12-03 21:50:12,498 - INFO = =====================================
2025-12-03 21:50:17,407 - INFO = =====================================
2025-12-03 21:50:17,407 - INFO = STARTING TEST: test_02_negative_login_1
2025-12-03 21:50:17,407 - INFO = =====================================
2025-12-03 21:50:21,825 - INFO = =====================================
2025-12-03 21:50:21,825 - INFO = STARTING TEST: test_02_negative_login_2
2025-12-03 21:50:21,825 - INFO = =====================================
2025-12-03 21:50:26,197 - INFO = =====================================
2025-12-03 21:50:26,198 - INFO = STARTING TEST: test_02_negative_login_3
2025-12-03 21:50:26,198 - INFO = =====================================
2025-12-03 21:50:30,987 - INFO = =====================================
2025-12-03 21:50:30,988 - INFO = STARTING TEST: test_03_failed_login_empty
2025-12-03 21:50:30,988 - INFO = =====================================
2025-12-03 22:17:55,037 - INFO = =====================================
2025-12-03 22:17:55,037 - INFO = STARTING TEST: test_01_positive_login_1
2025-12-03 22:17:55,037 - INFO = =====================================
2025-12-03 22:17:57,050 - INFO = Open SauceDemo web...
2025-12-03 22:17:57,051 - INFO = --- Running Positive Test: standard_user ---
2025-12-03 22:17:57,443 - INFO = Validation Redirection URL...
2025-12-03 22:17:57,449 - INFO = SUCCESS: User successfully redirect to ' https://www.saucedemo.com/inventory.html'
2025-12-03 22:17:59,621 - INFO = =====================================
2025-12-03 22:17:59,621 - INFO = STARTING TEST: test_02_negative_login_1
2025-12-03 22:17:59,621 - INFO = =====================================
2025-12-03 22:18:01,367 - INFO = Open SauceDemo web...
2025-12-03 22:18:01,367 - INFO = --- Running Negative Test: locked_out_user ---
2025-12-03 22:18:01,682 - INFO = Validating error messages...
2025-12-03 22:18:01,728 - INFO = SUCCESS: Error message matches expectations: 'Epic sadface: Sorry, this user has been locked out.'
2025-12-03 22:18:03,850 - INFO = =====================================
2025-12-03 22:18:03,850 - INFO = STARTING TEST: test_02_negative_login_2
2025-12-03 22:18:03,850 - INFO = =====================================
2025-12-03 22:18:05,718 - INFO = Open SauceDemo web...
2025-12-03 22:18:05,719 - INFO = --- Running Negative Test: teserrac ---
2025-12-03 22:18:06,006 - INFO = Validating error messages...
2025-12-03 22:18:06,033 - INFO = SUCCESS: Error message matches expectations: 'Epic sadface: Username and password do not match any user in this service'
2025-12-03 22:18:08,152 - INFO = =====================================
2025-12-03 22:18:08,152 - INFO = STARTING TEST: test_02_negative_login_3
2025-12-03 22:18:08,152 - INFO = =====================================
2025-12-03 22:18:10,377 - INFO = Open SauceDemo web...
2025-12-03 22:18:10,377 - INFO = --- Running Negative Test: standard_user ---
2025-12-03 22:18:10,676 - INFO = Validating error messages...
2025-12-03 22:18:10,703 - ERROR = FAILED: Error message mismatch. Expected 'Epic sadface: Password is requ,ired', Got 'Epic sadface: Password is required'
2025-12-03 22:18:12,866 - INFO = =====================================
2025-12-03 22:18:12,866 - INFO = STARTING TEST: test_03_failed_login_empty
2025-12-03 22:18:12,866 - INFO = =====================================
2025-12-03 22:18:14,758 - INFO = Open SauceDemo web...
2025-12-03 22:18:14,758 - INFO = Scenario: Login with Empty Username & Password
2025-12-03 22:18:14,901 - INFO = SUCCESS: Correct error message for empty fields displayed.
2025-12-03 22:22:29,511 - INFO = =====================================
2025-12-03 22:22:29,511 - INFO = STARTING TEST: test_01_positive_login_1
2025-12-03 22:22:29,511 - INFO = =====================================
2025-12-03 22:22:34,870 - INFO = Open SauceDemo web...
2025-12-03 22:22:34,870 - INFO = --- Running Positive Test: standard_user ---
2025-12-03 22:22:35,147 - INFO = Validation Redirection URL...
2025-12-03 22:22:35,152 - INFO = SUCCESS: User successfully redirect to ' https://www.saucedemo.com/inventory.html'
2025-12-03 22:22:37,300 - INFO = =====================================
2025-12-03 22:22:37,300 - INFO = STARTING TEST: test_02_negative_login_1
2025-12-03 22:22:37,300 - INFO = =====================================
2025-12-03 22:22:39,899 - INFO = Open SauceDemo web...
2025-12-03 22:22:39,899 - INFO = --- Running Negative Test: locked_out_user ---
2025-12-03 22:22:40,187 - INFO = Validating error messages...
2025-12-03 22:22:40,210 - INFO = SUCCESS: Error message matches expectations: 'Epic sadface: Sorry, this user has been locked out.'
2025-12-03 22:22:42,319 - INFO = =====================================
2025-12-03 22:22:42,320 - INFO = STARTING TEST: test_02_negative_login_2
2025-12-03 22:22:42,320 - INFO = =====================================
2025-12-03 22:22:44,729 - INFO = Open SauceDemo web...
2025-12-03 22:22:44,729 - INFO = --- Running Negative Test: teserrac ---
2025-12-03 22:22:44,972 - INFO = Validating error messages...
2025-12-03 22:22:45,003 - INFO = SUCCESS: Error message matches expectations: 'Epic sadface: Username and password do not match any user in this service'
2025-12-03 22:22:47,104 - INFO = =====================================
2025-12-03 22:22:47,104 - INFO = STARTING TEST: test_02_negative_login_3
2025-12-03 22:22:47,105 - INFO = =====================================
2025-12-03 22:22:49,182 - INFO = Open SauceDemo web...
2025-12-03 22:22:49,183 - INFO = --- Running Negative Test: standard_user ---
2025-12-03 22:22:49,547 - INFO = Validating error messages...
2025-12-03 22:22:49,578 - ERROR = FAILED: Error message mismatch. Expected 'Epic sadface: Password is requ,ired', Got 'Epic sadface: Password is required'
2025-12-03 22:22:51,749 - INFO = =====================================
2025-12-03 22:22:51,749 - INFO = STARTING TEST: test_03_failed_login_empty
2025-12-03 22:22:51,749 - INFO = =====================================
2025-12-03 22:22:53,454 - INFO = Open SauceDemo web...
2025-12-03 22:22:53,454 - INFO = Scenario: Login with Empty Username & Password
2025-12-03 22:22:53,566 - INFO = SUCCESS: Correct error message for empty fields displayed.
2025-12-03 22:24:56,641 - INFO = =====================================
2025-12-03 22:24:56,642 - INFO = STARTING TEST: test_01_positive_login_1
2025-12-03 22:24:56,642 - INFO = =====================================
2025-12-03 22:25:01,471 - INFO = Open SauceDemo web...
2025-12-03 22:25:01,471 - INFO = --- Running Positive Test: standard_user ---
2025-12-03 22:25:01,868 - INFO = Validation Redirection URL...
2025-12-03 22:25:01,874 - INFO = SUCCESS: User successfully redirect to ' https://www.saucedemo.com/inventory.html'
2025-12-03 22:25:04,020 - INFO = =====================================
2025-12-03 22:25:04,020 - INFO = STARTING TEST: test_02_negative_login_1
2025-12-03 22:25:04,020 - INFO = =====================================
2025-12-03 22:25:05,770 - INFO = Open SauceDemo web...
2025-12-03 22:25:05,770 - INFO = --- Running Negative Test: locked_out_user ---
2025-12-03 22:25:06,047 - INFO = Validating error messages...
2025-12-03 22:25:06,073 - INFO = SUCCESS: Error message matches expectations: 'Epic sadface: Sorry, this user has been locked out.'
2025-12-03 22:25:08,178 - INFO = =====================================
2025-12-03 22:25:08,178 - INFO = STARTING TEST: test_02_negative_login_2
2025-12-03 22:25:08,178 - INFO = =====================================
2025-12-03 22:25:09,889 - INFO = Open SauceDemo web...
2025-12-03 22:25:09,889 - INFO = --- Running Negative Test: teserrac ---
2025-12-03 22:25:10,160 - INFO = Validating error messages...
2025-12-03 22:25:10,185 - INFO = SUCCESS: Error message matches expectations: 'Epic sadface: Username and password do not match any user in this service'
2025-12-03 22:25:12,299 - INFO = =====================================
2025-12-03 22:25:12,299 - INFO = STARTING TEST: test_02_negative_login_3
2025-12-03 22:25:12,300 - INFO = =====================================
2025-12-03 22:25:14,090 - INFO = Open SauceDemo web...
2025-12-03 22:25:14,091 - INFO = --- Running Negative Test: standard_user ---
2025-12-03 22:25:14,328 - INFO = Validating error messages...
2025-12-03 22:25:14,353 - ERROR = FAILED: Error message mismatch. Expected 'Epic sadface: Password is requ,ired', Got 'Epic sadface: Password is required'
2025-12-03 22:25:16,500 - INFO = =====================================
2025-12-03 22:25:16,500 - INFO = STARTING TEST: test_03_failed_login_empty
2025-12-03 22:25:16,500 - INFO = =====================================
2025-12-03 22:25:18,310 - INFO = Open SauceDemo web...
2025-12-03 22:25:18,310 - INFO = Scenario: Login with Empty Username & Password
2025-12-03 22:25:18,425 - ERROR = FAILED: Expected 'Epic sadface: Password is required', Got 'Epic sadface: Username is required'
2025-12-03 22:25:57,506 - INFO = =====================================
2025-12-03 22:25:57,506 - INFO = STARTING TEST: test_01_positive_login_1
2025-12-03 22:25:57,506 - INFO = =====================================
2025-12-03 22:25:59,733 - INFO = Open SauceDemo web...
2025-12-03 22:25:59,733 - INFO = --- Running Positive Test: standard_user ---
2025-12-03 22:25:59,993 - INFO = Validation Redirection URL...
2025-12-03 22:25:59,998 - INFO = SUCCESS: User successfully redirect to ' https://www.saucedemo.com/inventory.html'
2025-12-03 22:26:02,142 - INFO = =====================================
2025-12-03 22:26:02,142 - INFO = STARTING TEST: test_02_negative_login_1
2025-12-03 22:26:02,142 - INFO = =====================================
2025-12-03 22:26:04,207 - INFO = Open SauceDemo web...
2025-12-03 22:26:04,207 - INFO = --- Running Negative Test: locked_out_user ---
2025-12-03 22:26:04,531 - INFO = Validating error messages...
2025-12-03 22:26:04,558 - INFO = SUCCESS: Error message matches expectations: 'Epic sadface: Sorry, this user has been locked out.'
2025-12-03 22:26:06,670 - INFO = =====================================
2025-12-03 22:26:06,670 - INFO = STARTING TEST: test_02_negative_login_2
2025-12-03 22:26:06,670 - INFO = =====================================
2025-12-03 22:26:08,466 - INFO = Open SauceDemo web...
2025-12-03 22:26:08,466 - INFO = --- Running Negative Test: teserrac ---
2025-12-03 22:26:08,733 - INFO = Validating error messages...
2025-12-03 22:26:08,761 - INFO = SUCCESS: Error message matches expectations: 'Epic sadface: Username and password do not match any user in this service'
2025-12-03 22:26:10,873 - INFO = =====================================
2025-12-03 22:26:10,873 - INFO = STARTING TEST: test_02_negative_login_3
2025-12-03 22:26:10,873 - INFO = =====================================
2025-12-03 22:26:12,570 - INFO = Open SauceDemo web...
2025-12-03 22:26:12,570 - INFO = --- Running Negative Test: standard_user ---
2025-12-03 22:26:12,874 - INFO = Validating error messages...
2025-12-03 22:26:12,904 - ERROR = FAILED: Error message mismatch. Expected 'Epic sadface: Password is requ,ired', Got 'Epic sadface: Password is required'
2025-12-03 22:26:15,048 - INFO = =====================================
2025-12-03 22:26:15,048 - INFO = STARTING TEST: test_03_failed_login_empty
2025-12-03 22:26:15,048 - INFO = =====================================
2025-12-03 22:26:16,962 - INFO = Open SauceDemo web...
2025-12-03 22:26:16,962 - INFO = Scenario: Login with Empty Username & Password
2025-12-03 22:26:17,099 - INFO = SUCCESS: Correct error message for empty fields displayed.
2025-12-03 22:29:20,363 - INFO = =====================================
2025-12-03 22:29:20,363 - INFO = STARTING TEST: test_01_positive_login_1
2025-12-03 22:29:20,364 - INFO = =====================================
2025-12-03 22:29:24,381 - INFO = Open SauceDemo web...
2025-12-03 22:29:24,382 - INFO = --- Running Positive Test: standard_user ---
2025-12-03 22:29:24,887 - INFO = Validation Redirection URL...
2025-12-03 22:29:24,895 - INFO = SUCCESS: User successfully redirect to ' https://www.saucedemo.com/inventory.html'
2025-12-03 22:29:27,080 - INFO = =====================================
2025-12-03 22:29:27,080 - INFO = STARTING TEST: test_02_negative_login_1
2025-12-03 22:29:27,081 - INFO = =====================================
2025-12-03 22:29:29,202 - INFO = Open SauceDemo web...
2025-12-03 22:29:29,203 - INFO = --- Running Negative Test: locked_out_user ---
2025-12-03 22:29:29,717 - INFO = Validating error messages...
2025-12-03 22:29:29,764 - INFO = SUCCESS: Error message matches expectations: 'Epic sadface: Sorry, this user has been locked out.'
2025-12-03 22:29:31,929 - INFO = =====================================
2025-12-03 22:29:31,929 - INFO = STARTING TEST: test_02_negative_login_2
2025-12-03 22:29:31,929 - INFO = =====================================
2025-12-03 22:29:33,862 - INFO = Open SauceDemo web...
2025-12-03 22:29:33,862 - INFO = --- Running Negative Test: teserrac ---
2025-12-03 22:29:34,406 - INFO = Validating error messages...
2025-12-03 22:29:34,456 - INFO = SUCCESS: Error message matches expectations: 'Epic sadface: Username and password do not match any user in this service'
2025-12-03 22:29:36,644 - INFO = =====================================
2025-12-03 22:29:36,644 - INFO = STARTING TEST: test_02_negative_login_3
2025-12-03 22:29:36,644 - INFO = =====================================
2025-12-03 22:29:38,831 - INFO = Open SauceDemo web...
2025-12-03 22:29:38,832 - INFO = --- Running Negative Test: standard_user ---
2025-12-03 22:29:39,379 - INFO = Validating error messages...
2025-12-03 22:29:39,433 - INFO = SUCCESS: Error message matches expectations: 'Epic sadface: Password is required'
2025-12-03 22:29:41,660 - INFO = =====================================
2025-12-03 22:29:41,660 - INFO = STARTING TEST: test_03_failed_login_empty
2025-12-03 22:29:41,661 - INFO = =====================================
2025-12-03 22:29:44,003 - INFO = Open SauceDemo web...
2025-12-03 22:29:44,004 - INFO = Scenario: Login with Empty Username & Password
2025-12-03 22:29:44,385 - INFO = SUCCESS: Correct error message for empty fields displayed.
2025-12-03 23:19:26,302 - INFO = =====================================
2025-12-03 23:19:26,302 - INFO = STARTING TEST: test_10_logout
2025-12-03 23:19:26,303 - INFO = =====================================
2025-12-03 23:19:27,504 - INFO = --- Running Positive Test: standard_user ---
2025-12-03 23:19:28,869 - INFO = --- Inventory Page Test Started ---
2025-12-03 23:19:28,870 - INFO = Scenario: Logout Flow
2025-12-03 23:19:29,619 - INFO = PASSED: Successfully logged out and Login button is visible.
2025-12-03 23:19:31,767 - INFO = =====================================
2025-12-03 23:19:31,768 - INFO = STARTING TEST: test_1_inventory_display
2025-12-03 23:19:31,768 - INFO = =====================================
2025-12-03 23:19:32,955 - INFO = --- Running Positive Test: standard_user ---
2025-12-03 23:19:33,961 - INFO = --- Inventory Page Test Started ---
2025-12-03 23:19:33,962 - INFO = 1. Title Page Checking...
2025-12-03 23:19:33,996 - INFO = SUCCESS: Page title verified: 'Products'
2025-12-03 23:19:34,073 - INFO = INFO: Found 6 items on inventory page.
2025-12-03 23:19:34,073 - INFO = SUCCESS: Inventory items loaded successfully.
2025-12-03 23:19:36,201 - INFO = =====================================
2025-12-03 23:19:36,201 - INFO = STARTING TEST: test_2_add_item_by_name
2025-12-03 23:19:36,201 - INFO = =====================================
2025-12-03 23:19:37,293 - INFO = --- Running Positive Test: standard_user ---
2025-12-03 23:19:38,348 - INFO = --- Inventory Page Test Started ---
2025-12-03 23:19:38,349 - INFO = Scenario: Add Specific Items by Name
2025-12-03 23:19:40,400 - INFO = Initial Cart Count: 0
2025-12-03 23:19:40,400 - INFO = Adding 3 items...
2025-12-03 23:19:40,400 - INFO = On process to add: Sauce Labs Fleece Jacket...
2025-12-03 23:19:40,476 - INFO = On process to add: Sauce Labs Bike Light...
2025-12-03 23:19:40,561 - INFO = On process to add: Sauce Labs Bolt T-Shirt...
2025-12-03 23:19:40,677 - INFO = INFO: Total in cart: 3
2025-12-03 23:19:40,677 - INFO = SUCCESS: Cart count match. Expected 3, Got 3
2025-12-03 23:19:42,818 - INFO = =====================================
2025-12-03 23:19:42,819 - INFO = STARTING TEST: test_3_add_item_by_index
2025-12-03 23:19:42,819 - INFO = =====================================
2025-12-03 23:19:43,982 - INFO = --- Running Positive Test: standard_user ---
2025-12-03 23:19:44,989 - INFO = --- Inventory Page Test Started ---
2025-12-03 23:19:44,989 - INFO = Scenario: Add Items by Index (Top 3 items)
2025-12-03 23:19:47,047 - INFO = Adding item at index 0...
2025-12-03 23:19:47,181 - INFO = Adding item at index 1...
2025-12-03 23:19:47,288 - INFO = Adding item at index 2...
2025-12-03 23:19:47,403 - INFO = SUCCESS: Total on cart: 3
2025-12-03 23:19:49,590 - INFO = =====================================
2025-12-03 23:19:49,590 - INFO = STARTING TEST: test_4_sort_products
2025-12-03 23:19:49,590 - INFO = =====================================
2025-12-03 23:19:50,756 - INFO = --- Running Positive Test: standard_user ---
2025-12-03 23:19:51,961 - INFO = --- Inventory Page Test Started ---
2025-12-03 23:19:51,961 - INFO = Scenario: Product Sorting Verification
2025-12-03 23:19:51,961 - INFO = Sorting Test: Name (Z to A) (za)...
2025-12-03 23:19:52,106 - INFO = SUCCESS: Dropdown shows 'Name (Z to A)'
2025-12-03 23:19:52,106 - INFO = Sorting Test: Price (low to high) (lohi)...
2025-12-03 23:19:52,216 - INFO = SUCCESS: Dropdown shows 'Price (low to high)'
2025-12-03 23:19:52,216 - INFO = Sorting Test: Price (high to low) (hilo)...
2025-12-03 23:19:52,320 - INFO = SUCCESS: Dropdown shows 'Price (high to low)'
2025-12-03 23:19:52,321 - INFO = Sorting Test: Name (A to Z) (az)...
2025-12-03 23:19:52,435 - INFO = SUCCESS: Dropdown shows 'Name (A to Z)'
2025-12-03 23:19:54,540 - INFO = =====================================
2025-12-03 23:19:54,540 - INFO = STARTING TEST: test_5_open_cart
2025-12-03 23:19:54,540 - INFO = =====================================
2025-12-03 23:19:55,644 - INFO = --- Running Positive Test: standard_user ---
2025-12-03 23:19:59,979 - INFO = --- Inventory Page Test Started ---
2025-12-03 23:19:59,979 - INFO = Scenario: Open Cart Page
2025-12-03 23:20:00,107 - INFO = SUCCESS: Redirected to Cart Page (https://www.saucedemo.com/cart.html)
2025-12-03 23:20:02,221 - INFO = =====================================
2025-12-03 23:20:02,221 - INFO = STARTING TEST: test_6_sidebar_menu
2025-12-03 23:20:02,221 - INFO = =====================================
2025-12-03 23:20:03,396 - INFO = --- Running Positive Test: standard_user ---
2025-12-03 23:20:04,379 - INFO = --- Inventory Page Test Started ---
2025-12-03 23:20:04,380 - INFO = Scenario: Open Sidebar Menu
2025-12-03 23:20:04,485 - INFO = PASSED: Sidebar menu clicked without error.
2025-12-03 23:20:06,593 - INFO = =====================================
2025-12-03 23:20:06,593 - INFO = STARTING TEST: test_7_validate_item_content
2025-12-03 23:20:06,593 - INFO = =====================================
2025-12-03 23:20:07,685 - INFO = --- Running Positive Test: standard_user ---
2025-12-03 23:20:08,999 - INFO = --- Inventory Page Test Started ---
2025-12-03 23:20:08,999 - INFO = Scenario: Validate Item Content (Soft Assertion for Bugs)
2025-12-03 23:20:09,241 - INFO = Scanning 6 items for UI/Data defects...
2025-12-03 23:20:09,256 - WARNING = FAILED: Images broken for items 'Sauce Labs Bike Light'
2025-12-03 23:20:09,279 - ERROR = BUG FOUND: HTML/Code show in descriptions 'Test.allTheThings() T-Shirt (Red)'
2025-12-03 23:20:09,280 - INFO = =====================================
2025-12-03 23:20:09,280 - ERROR = TEST FAILED: Found 2 UI/Data Issues!
2025-12-03 23:20:09,280 - INFO = =====================================
2025-12-03 23:20:11,440 - INFO = =====================================
2025-12-03 23:20:11,440 - INFO = STARTING TEST: test_8_click_image
2025-12-03 23:20:11,440 - INFO = =====================================
2025-12-03 23:20:12,610 - INFO = --- Running Positive Test: standard_user ---
2025-12-03 23:20:13,637 - INFO = --- Inventory Page Test Started ---
2025-12-03 23:20:13,637 - INFO = Scenario: Click Item Title Navigation
2025-12-03 23:20:14,264 - INFO = SUCCESS: Redirected to Product Details via Image.
2025-12-03 23:20:16,381 - INFO = =====================================
2025-12-03 23:20:16,381 - INFO = STARTING TEST: test_9_click_title
2025-12-03 23:20:16,381 - INFO = =====================================
2025-12-03 23:20:17,472 - INFO = --- Running Positive Test: standard_user ---
2025-12-03 23:20:18,700 - INFO = --- Inventory Page Test Started ---
2025-12-03 23:20:18,701 - INFO = Scenario: Click Item Title Navigation
2025-12-03 23:20:18,838 - INFO = PASSED: Redirected to Product Details via Title.
2025-12-03 23:38:54,067 - INFO = =====================================
2025-12-03 23:38:54,068 - INFO = STARTING TEST: test_01_DetailProduct_navigateToDetail
2025-12-03 23:38:54,068 - INFO = =====================================
2025-12-03 23:38:55,322 - INFO = --- Running Positive Test: standard_user ---
2025-12-03 23:38:56,479 - INFO = --- Product Detail Page Test Started ---
2025-12-03 23:38:56,479 - INFO = Scenario: Navigation & Data Consistency Check
2025-12-03 23:38:56,555 - INFO = STEP 1: USER CHOOSE 1 PRODUCT 'Sauce Labs Backpack' from product list
2025-12-03 23:38:56,659 - INFO = PASSED: URL redirect correct.
2025-12-03 23:38:56,685 - INFO = STEP 2: Detail page showing 'Sauce Labs Backpack'
2025-12-03 23:38:56,685 - INFO = PASSED: Product Name is consistent.
2025-12-03 23:38:58,834 - INFO = =====================================
2025-12-03 23:38:58,834 - INFO = STARTING TEST: test_02_DetailProduct_validateUiComponents
2025-12-03 23:38:58,834 - INFO = =====================================
2025-12-03 23:38:59,943 - INFO = --- Running Positive Test: standard_user ---
2025-12-03 23:39:00,943 - INFO = --- Product Detail Page Test Started ---
2025-12-03 23:39:00,943 - INFO = Scenario: UI Component Validation (Price, Desc, Buttons)
2025-12-03 23:39:01,129 - INFO = SUCCESS: Price is visible.
2025-12-03 23:39:03,300 - INFO = =====================================
2025-12-03 23:39:03,300 - INFO = STARTING TEST: test_03_DetailProduct_validateBackButton
2025-12-03 23:39:03,300 - INFO = =====================================
2025-12-03 23:39:04,570 - INFO = --- Running Positive Test: standard_user ---
2025-12-03 23:39:05,771 - INFO = --- Product Detail Page Test Started ---
2025-12-03 23:39:05,771 - INFO = Scenario: Back Button Functionality
2025-12-03 23:39:05,920 - INFO = STEP 1: USER CLICK BACK BUTTON
2025-12-03 23:39:06,003 - INFO = PASSED: Redirected back to Inventory Page.
2025-12-03 23:39:08,115 - INFO = =====================================
2025-12-03 23:39:08,115 - INFO = STARTING TEST: test_04_05_add_remove_cart_logic
2025-12-03 23:39:08,115 - INFO = =====================================
2025-12-03 23:39:09,187 - INFO = --- Running Positive Test: standard_user ---
2025-12-03 23:39:10,502 - INFO = --- Product Detail Page Test Started ---
2025-12-03 23:39:10,502 - INFO = Scenario: Add/Remove Cart Logic on Detail Page
2025-12-03 23:39:12,731 - INFO = STEP 1: INITIAL CART BADGE VALUE: 0
2025-12-03 23:39:12,732 - INFO = STEP 2: USER CLICK ADD TO CART BUTTON
2025-12-03 23:39:12,809 - INFO = SUCCESS: Badge increased to 1
2025-12-03 23:39:12,830 - INFO = SUCCESS: Button text changed to 'Remove'
2025-12-03 23:39:12,830 - INFO = STEP 3: USER CLICK REMOVE BUTTON
2025-12-03 23:39:14,947 - INFO = PASSED: Badge reset to 0
2025-12-03 23:39:14,961 - INFO = PASSED: Button text reverted to 'Add to cart'
2025-12-03 23:45:34,146 - INFO = =====================================
2025-12-03 23:45:34,146 - INFO = STARTING TEST: test_01_DetailProduct_navigateToDetail
2025-12-03 23:45:34,146 - INFO = =====================================
2025-12-03 23:45:35,325 - INFO = --- Running Positive Test: standard_user ---
2025-12-03 23:45:36,531 - INFO = --- Product Detail Page Test Started ---
2025-12-03 23:45:36,531 - INFO = Scenario: Navigation & Data Consistency Check
2025-12-03 23:45:36,612 - INFO = STEP 1: USER CHOOSE 1 PRODUCT 'Sauce Labs Backpack' from product list
2025-12-03 23:45:36,750 - INFO = PASSED: URL redirect correct.
2025-12-03 23:45:36,795 - INFO = STEP 2: Detail page showing 'Sauce Labs Backpack'
2025-12-03 23:45:36,796 - INFO = PASSED: Product Name is consistent.
2025-12-03 23:45:38,952 - INFO = =====================================
2025-12-03 23:45:38,952 - INFO = STARTING TEST: test_02_DetailProduct_validateUiComponents
2025-12-03 23:45:38,952 - INFO = =====================================
2025-12-03 23:45:40,122 - INFO = --- Running Positive Test: standard_user ---
2025-12-03 23:45:41,316 - INFO = --- Product Detail Page Test Started ---
2025-12-03 23:45:41,317 - INFO = Scenario: UI Component Validation (Price, Desc, Buttons)
2025-12-03 23:45:41,511 - INFO = SUCCESS: Price is visible.
2025-12-03 23:45:41,540 - INFO = SUCCESS: Description is visible.
2025-12-03 23:45:41,565 - INFO = SUCCESS: Back Button is visible.
2025-12-03 23:45:41,587 - INFO = SUCCESS: Add to Cart Button is visible.
2025-12-03 23:45:43,728 - INFO = =====================================
2025-12-03 23:45:43,728 - INFO = STARTING TEST: test_03_DetailProduct_validateBackButton
2025-12-03 23:45:43,728 - INFO = =====================================
2025-12-03 23:45:44,904 - INFO = --- Running Positive Test: standard_user ---
2025-12-03 23:45:46,014 - INFO = --- Product Detail Page Test Started ---
2025-12-03 23:45:46,015 - INFO = Scenario: Back Button Functionality
2025-12-03 23:45:46,169 - INFO = STEP 1: USER CLICK BACK BUTTON
2025-12-03 23:45:46,281 - INFO = PASSED: Redirected back to Inventory Page.
2025-12-03 23:45:48,401 - INFO = =====================================
2025-12-03 23:45:48,401 - INFO = STARTING TEST: test_04_05_add_remove_cart_logic
2025-12-03 23:45:48,402 - INFO = =====================================
2025-12-03 23:45:49,500 - INFO = --- Running Positive Test: standard_user ---
2025-12-03 23:45:51,121 - INFO = --- Product Detail Page Test Started ---
2025-12-03 23:45:51,121 - INFO = Scenario: Add/Remove Cart Logic on Detail Page
2025-12-03 23:45:53,378 - INFO = STEP 1: INITIAL CART BADGE VALUE: 0
2025-12-03 23:45:53,378 - INFO = STEP 2: USER CLICK ADD TO CART BUTTON
2025-12-03 23:45:53,516 - INFO = SUCCESS: Badge increased to 1
2025-12-03 23:45:53,536 - INFO = SUCCESS: Button text changed to 'Remove'
2025-12-03 23:45:53,536 - INFO = STEP 3: USER CLICK REMOVE BUTTON
2025-12-03 23:45:55,664 - INFO = PASSED: Badge reset to 0
2025-12-03 23:45:55,679 - INFO = PASSED: Button text reverted to 'Add to cart'
2025-12-04 00:08:52,831 - INFO = =====================================
2025-12-04 00:08:52,831 - INFO = STARTING TEST: test_01_access_cart_page
2025-12-04 00:08:52,831 - INFO = =====================================
2025-12-04 00:08:54,213 - INFO = --- Running Positive Test: standard_user ---
2025-12-04 00:08:55,926 - INFO = --- Cart Page Test Started ---
2025-12-04 00:08:55,926 - INFO = Scenario: Access Cart Page
2025-12-04 00:08:56,030 - INFO = PASSED: Correct Page Title 'Your Cart'
2025-12-04 00:08:58,156 - INFO = =====================================
2025-12-04 00:08:58,156 - INFO = STARTING TEST: test_02_03_empty_cart_dispkay
2025-12-04 00:08:58,156 - INFO = =====================================
2025-12-04 00:08:59,328 - INFO = --- Running Positive Test: standard_user ---
2025-12-04 00:09:00,684 - INFO = --- Cart Page Test Started ---
2025-12-04 00:09:00,684 - INFO = Scenario: Empty Cart Display & Buttons Visibility
2025-12-04 00:09:00,799 - INFO = PASSED: Cart is empty as expected.
2025-12-04 00:09:00,799 - INFO = Checking Buttons Visibility...
2025-12-04 00:09:00,854 - INFO = PASSED: 'Continue Shopping' and 'Checkout' buttons are visible.
2025-12-04 00:09:02,974 - INFO = =====================================
2025-12-04 00:09:02,975 - INFO = STARTING TEST: test_04_validate_added_items
2025-12-04 00:09:02,975 - INFO = =====================================
2025-12-04 00:09:04,055 - INFO = --- Running Positive Test: standard_user ---
2025-12-04 00:09:05,101 - INFO = --- Cart Page Test Started ---
2025-12-04 00:09:05,102 - INFO = Scenario: Validate Item Count in Cart
2025-12-04 00:09:05,102 - INFO = Adding 2 items from inventory...
2025-12-04 00:09:05,464 - INFO = SUCCESS: Cart contains 2 items.
2025-12-04 00:09:07,586 - INFO = =====================================
2025-12-04 00:09:07,586 - INFO = STARTING TEST: test_05_06_validate_item_details
2025-12-04 00:09:07,586 - INFO = =====================================
2025-12-04 00:09:08,750 - INFO = --- Running Positive Test: standard_user ---
2025-12-04 00:09:09,848 - INFO = --- Cart Page Test Started ---
2025-12-04 00:09:09,848 - INFO = Scenario: Validate Item Details (Dynamic Data Match)
2025-12-04 00:09:09,928 - INFO = INFO: System selected item dynamically: Sauce Labs Backpack
2025-12-04 00:09:10,188 - INFO = INFO: Data found in cart: {'quantity': '1', 'name': 'Sauce Labs Backpack', 'description': 'carry.allTheThings() with the sleek, streamlined Sly Pack that melds uncompromising style with unequaled laptop and tablet protection.', 'price': '$29.99'}
2025-12-04 00:09:10,188 - INFO = SUCCESS: All item details (Qty, Name, Price, Description) match inventory data.
2025-12-04 00:09:12,312 - INFO = =====================================
2025-12-04 00:09:12,312 - INFO = STARTING TEST: test_07_remove_item
2025-12-04 00:09:12,312 - INFO = =====================================
2025-12-04 00:09:13,421 - INFO = --- Running Positive Test: standard_user ---
2025-12-04 00:09:14,469 - INFO = --- Cart Page Test Started ---
2025-12-04 00:09:14,469 - INFO = Scenario: Remove Item from Cart
2025-12-04 00:09:14,702 - INFO = Removing item...
2025-12-04 00:09:14,776 - INFO = PASSED: Item removed from list.
2025-12-04 00:09:16,819 - INFO = PASSED: Badge updated from 1 to 0.
2025-12-04 00:09:18,961 - INFO = =====================================
2025-12-04 00:09:18,961 - INFO = STARTING TEST: test_08_continue_shopping
2025-12-04 00:09:18,961 - INFO = =====================================
2025-12-04 00:09:20,127 - INFO = --- Running Positive Test: standard_user ---
2025-12-04 00:09:21,351 - INFO = --- Cart Page Test Started ---
2025-12-04 00:09:21,351 - INFO = Scenario: Continue Shopping Navigation
2025-12-04 00:09:21,595 - INFO = SUCCESS: Redirected back to Inventory Page.
2025-12-04 00:09:23,713 - INFO = =====================================
2025-12-04 00:09:23,713 - INFO = STARTING TEST: test_09_checkout_navigation
2025-12-04 00:09:23,713 - INFO = =====================================
2025-12-04 00:09:24,786 - INFO = --- Running Positive Test: standard_user ---
2025-12-04 00:09:25,808 - INFO = --- Cart Page Test Started ---
2025-12-04 00:09:25,808 - INFO = Scenario: Checkout Navigation
2025-12-04 00:09:26,248 - INFO = PASSED: Successfully entered Checkout Step One.
2025-12-04 00:09:28,358 - INFO = =====================================
2025-12-04 00:09:28,358 - INFO = STARTING TEST: test_10_negative_remove_all_item
2025-12-04 00:09:28,358 - INFO = =====================================
2025-12-04 00:09:29,578 - INFO = --- Running Positive Test: standard_user ---
2025-12-04 00:09:30,993 - INFO = --- Cart Page Test Started ---
2025-12-04 00:09:30,993 - INFO = Scenario: Remove All Items Loop
2025-12-04 00:09:33,205 - INFO = PASSED: All items removed successfully.
2025-12-04 00:09:35,354 - INFO = =====================================
2025-12-04 00:09:35,354 - INFO = STARTING TEST: test_11_negative_checkout_empty_cart
2025-12-04 00:09:35,354 - INFO = =====================================
2025-12-04 00:09:36,511 - INFO = --- Running Positive Test: standard_user ---
2025-12-04 00:09:37,813 - INFO = --- Cart Page Test Started ---
2025-12-04 00:09:37,814 - INFO = Scenario: Validate Checkout on Empty Cart
2025-12-04 00:09:37,932 - INFO = Checking if Checkout button is enabled...
2025-12-04 00:09:37,950 - WARNING = ALERT: Checkout button is ENABLED (Should be disabled). Attempting to click...
2025-12-04 00:09:38,024 - ERROR = BUG REPORT: User successfully navigated to checkout page with empty cart!
2025-12-04 00:34:13,181 - INFO = =====================================
2025-12-04 00:34:13,181 - INFO = STARTING TEST: test_01_02_access_checkout_info
2025-12-04 00:34:13,181 - INFO = =====================================
2025-12-04 00:34:14,433 - INFO = --- Running Positive Test: standard_user ---
2025-12-04 00:34:15,832 - INFO = --- Checkout Page Test Started ---
2025-12-04 00:34:15,832 - INFO = Scenario: Access Checkout Step One (Information Page)
2025-12-04 00:34:15,832 - INFO = Precondition: Adding 2 items and navigating to checkout...
2025-12-04 00:34:16,225 - INFO = PASSED: URL is correct.
2025-12-04 00:34:16,245 - INFO = PASSED: Page title verified.
2025-12-04 00:34:18,390 - INFO = =====================================
2025-12-04 00:34:18,390 - INFO = STARTING TEST: test_03_validate_ui_components
2025-12-04 00:34:18,391 - INFO = =====================================
2025-12-04 00:34:19,642 - INFO = --- Running Positive Test: standard_user ---
2025-12-04 00:34:21,644 - INFO = --- Checkout Page Test Started ---
2025-12-04 00:34:21,644 - INFO = Scenario: Validate UI Components Visibility
2025-12-04 00:34:21,644 - INFO = Precondition: Adding 2 items and navigating to checkout...
2025-12-04 00:34:22,209 - INFO = PASSED: All input fields are visible.
2025-12-04 00:34:24,322 - INFO = =====================================
2025-12-04 00:34:24,322 - INFO = STARTING TEST: test_04_fill_information_success
2025-12-04 00:34:24,322 - INFO = =====================================
2025-12-04 00:34:25,491 - INFO = --- Running Positive Test: standard_user ---
2025-12-04 00:34:26,382 - INFO = --- Checkout Page Test Started ---
2025-12-04 00:34:26,382 - INFO = Scenario: Fill Checkout Information (Positive)
2025-12-04 00:34:26,382 - INFO = Precondition: Adding 2 items and navigating to checkout...
2025-12-04 00:34:28,997 - INFO = =====================================
2025-12-04 00:34:28,997 - INFO = STARTING TEST: test_05_negative_empty_firstname
2025-12-04 00:34:28,997 - INFO = =====================================
2025-12-04 00:34:30,053 - INFO = --- Running Positive Test: standard_user ---
2025-12-04 00:34:30,999 - INFO = --- Checkout Page Test Started ---
2025-12-04 00:34:30,999 - INFO = Scenario: Validate Error for Empty First Name
2025-12-04 00:34:30,999 - INFO = Precondition: Adding 2 items and navigating to checkout...
2025-12-04 00:34:31,565 - INFO = PASSED: Correct error message displayed.
2025-12-04 00:34:33,689 - INFO = =====================================
2025-12-04 00:34:33,689 - INFO = STARTING TEST: test_06_negative_empty_lastname
2025-12-04 00:34:33,689 - INFO = =====================================
2025-12-04 00:34:34,856 - INFO = --- Running Positive Test: standard_user ---
2025-12-04 00:34:35,829 - INFO = --- Checkout Page Test Started ---
2025-12-04 00:34:35,829 - INFO = Scenario: Validate Error for Empty Last Name
2025-12-04 00:34:35,830 - INFO = Precondition: Adding 2 items and navigating to checkout...
2025-12-04 00:34:36,411 - INFO = PASSED: Correct error message displayed.
2025-12-04 00:34:38,535 - INFO = =====================================
2025-12-04 00:34:38,536 - INFO = STARTING TEST: test_07_negative_empty_postalcode
2025-12-04 00:34:38,536 - INFO = =====================================
2025-12-04 00:34:39,628 - INFO = --- Running Positive Test: standard_user ---
2025-12-04 00:34:42,732 - INFO = --- Checkout Page Test Started ---
2025-12-04 00:34:42,732 - INFO = Scenario: Validate Error for Empty Zip Code
2025-12-04 00:34:42,732 - INFO = Precondition: Adding 2 items and navigating to checkout...
2025-12-04 00:34:43,261 - INFO = PASSED: Correct error message displayed.
2025-12-04 00:34:45,384 - INFO = =====================================
2025-12-04 00:34:45,384 - INFO = STARTING TEST: test_08_negative_all_empty
2025-12-04 00:34:45,384 - INFO = =====================================
2025-12-04 00:34:46,552 - INFO = --- Running Positive Test: standard_user ---
2025-12-04 00:34:47,597 - INFO = --- Checkout Page Test Started ---
2025-12-04 00:34:47,598 - INFO = Scenario: Validate Priority Error (All Empty)
2025-12-04 00:34:47,598 - INFO = Precondition: Adding 2 items and navigating to checkout...
2025-12-04 00:34:48,094 - INFO = PASSED: System correctly prioritizes First Name error.
2025-12-04 00:34:50,223 - INFO = =====================================
2025-12-04 00:34:50,223 - INFO = STARTING TEST: test_09_cancel_button_step_one
2025-12-04 00:34:50,223 - INFO = =====================================
2025-12-04 00:34:51,302 - INFO = --- Running Positive Test: standard_user ---
2025-12-04 00:34:52,620 - INFO = --- Checkout Page Test Started ---
2025-12-04 00:34:52,620 - INFO = Scenario: Cancel Button Navigation (Step One)
2025-12-04 00:34:52,621 - INFO = Precondition: Adding 2 items and navigating to checkout...
2025-12-04 00:34:53,046 - INFO = PASSED: Redirected back to Cart.
2025-12-04 00:34:55,169 - INFO = =====================================
2025-12-04 00:34:55,169 - INFO = STARTING TEST: test_10_continue_to_overview
2025-12-04 00:34:55,169 - INFO = =====================================
2025-12-04 00:34:56,355 - INFO = --- Running Positive Test: standard_user ---
2025-12-04 00:34:57,492 - INFO = --- Checkout Page Test Started ---
2025-12-04 00:34:57,493 - INFO = Scenario: Continue to Overview Page
2025-12-04 00:34:57,493 - INFO = Precondition: Adding 2 items and navigating to checkout...
2025-12-04 00:34:58,106 - INFO = PASSED: Successfully entered Overview Page.
2025-12-04 00:35:00,223 - INFO = =====================================
2025-12-04 00:35:00,223 - INFO = STARTING TEST: test_11_validate_overview_calculations
2025-12-04 00:35:00,224 - INFO = =====================================
2025-12-04 00:35:01,318 - INFO = --- Running Positive Test: standard_user ---
2025-12-04 00:35:02,349 - INFO = --- Checkout Page Test Started ---
2025-12-04 00:35:02,349 - INFO = Scenario: Validate Math Calculations (Subtotal, Tax, Total)
2025-12-04 00:35:02,349 - INFO = Scenario: Continue to Overview Page
2025-12-04 00:35:02,349 - INFO = Precondition: Adding 2 items and navigating to checkout...
2025-12-04 00:35:02,983 - INFO = PASSED: Successfully entered Overview Page.
2025-12-04 00:35:03,095 - INFO = Prices Found: [29.99, 9.99]
2025-12-04 00:35:03,095 - INFO = Summary Labels: {'subtotal': 39.98, 'tax': 3.2, 'total': 43.18}
2025-12-04 00:35:03,095 - INFO = PASSED: All calculations are correct.
2025-12-04 00:35:05,205 - INFO = =====================================
2025-12-04 00:35:05,205 - INFO = STARTING TEST: test_12_cancel_button_overview_bug
2025-12-04 00:35:05,205 - INFO = =====================================
2025-12-04 00:35:06,375 - INFO = --- Running Positive Test: standard_user ---
2025-12-04 00:35:09,169 - INFO = --- Checkout Page Test Started ---
2025-12-04 00:35:09,169 - INFO = Scenario: Cancel Button Navigation (Overview) - BUG CHECK
2025-12-04 00:35:09,169 - INFO = Scenario: Continue to Overview Page
2025-12-04 00:35:09,169 - INFO = Precondition: Adding 2 items and navigating to checkout...
2025-12-04 00:35:09,952 - INFO = PASSED: Successfully entered Overview Page.
2025-12-04 00:35:09,952 - INFO = Clicking Cancel Button...
2025-12-04 00:35:10,009 - ERROR = BUG CONFIRMED: Cancel button redirected to Inventory Page instead of Cart.
2025-12-04 00:35:12,136 - INFO = =====================================
2025-12-04 00:35:12,137 - INFO = STARTING TEST: test_13_finish_order
2025-12-04 00:35:12,137 - INFO = =====================================
2025-12-04 00:35:13,307 - INFO = --- Running Positive Test: standard_user ---
2025-12-04 00:35:14,465 - INFO = --- Checkout Page Test Started ---
2025-12-04 00:35:14,465 - INFO = Scenario: Finish Order & Badge Reset
2025-12-04 00:35:14,465 - INFO = Scenario: Continue to Overview Page
2025-12-04 00:35:14,466 - INFO = Precondition: Adding 2 items and navigating to checkout...
2025-12-04 00:35:15,234 - INFO = PASSED: Successfully entered Overview Page.
2025-12-04 00:35:15,234 - INFO = Clicking Finish Button...
2025-12-04 00:37:02,641 - INFO = =====================================
2025-12-04 00:37:02,641 - INFO = STARTING TEST: test_01_02_access_checkout_info
2025-12-04 00:37:02,641 - INFO = =====================================
2025-12-04 00:37:03,826 - INFO = --- Running Positive Test: standard_user ---
2025-12-04 00:37:05,185 - INFO = --- Checkout Page Test Started ---
2025-12-04 00:37:05,185 - INFO = Scenario: Access Checkout Step One (Information Page)
2025-12-04 00:37:05,185 - INFO = Precondition: Adding 2 items and navigating to checkout...
2025-12-04 00:37:05,599 - INFO = PASSED: URL is correct.
2025-12-04 00:37:05,619 - INFO = PASSED: Page title verified.
2025-12-04 00:37:07,765 - INFO = =====================================
2025-12-04 00:37:07,765 - INFO = STARTING TEST: test_03_validate_ui_components
2025-12-04 00:37:07,765 - INFO = =====================================
2025-12-04 00:37:08,924 - INFO = --- Running Positive Test: standard_user ---
2025-12-04 00:37:09,842 - INFO = --- Checkout Page Test Started ---
2025-12-04 00:37:09,843 - INFO = Scenario: Validate UI Components Visibility
2025-12-04 00:37:09,843 - INFO = Precondition: Adding 2 items and navigating to checkout...
2025-12-04 00:37:10,254 - INFO = PASSED: All input fields are visible.
2025-12-04 00:37:12,387 - INFO = =====================================
2025-12-04 00:37:12,388 - INFO = STARTING TEST: test_04_fill_information_success
2025-12-04 00:37:12,388 - INFO = =====================================
2025-12-04 00:37:13,478 - INFO = --- Running Positive Test: standard_user ---
2025-12-04 00:37:14,411 - INFO = --- Checkout Page Test Started ---
2025-12-04 00:37:14,411 - INFO = Scenario: Fill Checkout Information (Positive)
2025-12-04 00:37:14,412 - INFO = Precondition: Adding 2 items and navigating to checkout...
2025-12-04 00:37:16,956 - INFO = =====================================
2025-12-04 00:37:16,956 - INFO = STARTING TEST: test_05_negative_empty_firstname
2025-12-04 00:37:16,956 - INFO = =====================================
2025-12-04 00:37:18,251 - INFO = --- Running Positive Test: standard_user ---
2025-12-04 00:37:19,259 - INFO = --- Checkout Page Test Started ---
2025-12-04 00:37:19,259 - INFO = Scenario: Validate Error for Empty First Name
2025-12-04 00:37:19,259 - INFO = Precondition: Adding 2 items and navigating to checkout...
2025-12-04 00:37:19,815 - INFO = PASSED: Correct error message displayed.
2025-12-04 00:37:21,932 - INFO = =====================================
2025-12-04 00:37:21,932 - INFO = STARTING TEST: test_06_negative_empty_lastname
2025-12-04 00:37:21,932 - INFO = =====================================
2025-12-04 00:37:23,040 - INFO = --- Running Positive Test: standard_user ---
2025-12-04 00:37:24,054 - INFO = --- Checkout Page Test Started ---
2025-12-04 00:37:24,054 - INFO = Scenario: Validate Error for Empty Last Name
2025-12-04 00:37:24,054 - INFO = Precondition: Adding 2 items and navigating to checkout...
2025-12-04 00:37:24,646 - INFO = PASSED: Correct error message displayed.
2025-12-04 00:37:26,767 - INFO = =====================================
2025-12-04 00:37:26,767 - INFO = STARTING TEST: test_07_negative_empty_postalcode
2025-12-04 00:37:26,767 - INFO = =====================================
2025-12-04 00:37:27,929 - INFO = --- Running Positive Test: standard_user ---
2025-12-04 00:37:28,880 - INFO = --- Checkout Page Test Started ---
2025-12-04 00:37:28,881 - INFO = Scenario: Validate Error for Empty Zip Code
2025-12-04 00:37:28,881 - INFO = Precondition: Adding 2 items and navigating to checkout...
2025-12-04 00:37:29,446 - INFO = PASSED: Correct error message displayed.
2025-12-04 00:37:31,577 - INFO = =====================================
2025-12-04 00:37:31,577 - INFO = STARTING TEST: test_08_negative_all_empty
2025-12-04 00:37:31,577 - INFO = =====================================
2025-12-04 00:37:32,667 - INFO = --- Running Positive Test: standard_user ---
2025-12-04 00:37:33,599 - INFO = --- Checkout Page Test Started ---
2025-12-04 00:37:33,599 - INFO = Scenario: Validate Priority Error (All Empty)
2025-12-04 00:37:33,599 - INFO = Precondition: Adding 2 items and navigating to checkout...
2025-12-04 00:37:34,057 - INFO = PASSED: System correctly prioritizes First Name error.
2025-12-04 00:37:36,188 - INFO = =====================================
2025-12-04 00:37:36,188 - INFO = STARTING TEST: test_09_cancel_button_step_one
2025-12-04 00:37:36,188 - INFO = =====================================
2025-12-04 00:37:37,372 - INFO = --- Running Positive Test: standard_user ---
2025-12-04 00:37:38,632 - INFO = --- Checkout Page Test Started ---
2025-12-04 00:37:38,632 - INFO = Scenario: Cancel Button Navigation (Step One)
2025-12-04 00:37:38,633 - INFO = Precondition: Adding 2 items and navigating to checkout...
2025-12-04 00:37:39,119 - INFO = PASSED: Redirected back to Cart.
2025-12-04 00:37:41,248 - INFO = =====================================
2025-12-04 00:37:41,248 - INFO = STARTING TEST: test_10_continue_to_overview
2025-12-04 00:37:41,248 - INFO = =====================================
2025-12-04 00:37:42,349 - INFO = --- Running Positive Test: standard_user ---
2025-12-04 00:37:43,485 - INFO = --- Checkout Page Test Started ---
2025-12-04 00:37:43,485 - INFO = Scenario: Continue to Overview Page
2025-12-04 00:37:43,485 - INFO = Precondition: Adding 2 items and navigating to checkout...
2025-12-04 00:37:44,083 - INFO = PASSED: Successfully entered Overview Page.
2025-12-04 00:37:46,232 - INFO = =====================================
2025-12-04 00:37:46,232 - INFO = STARTING TEST: test_11_validate_overview_calculations
2025-12-04 00:37:46,232 - INFO = =====================================
2025-12-04 00:37:47,422 - INFO = --- Running Positive Test: standard_user ---
2025-12-04 00:37:48,499 - INFO = --- Checkout Page Test Started ---
2025-12-04 00:37:48,500 - INFO = Scenario: Validate Math Calculations (Subtotal, Tax, Total)
2025-12-04 00:37:48,500 - INFO = Scenario: Continue to Overview Page
2025-12-04 00:37:48,500 - INFO = Precondition: Adding 2 items and navigating to checkout...
2025-12-04 00:37:49,309 - INFO = PASSED: Successfully entered Overview Page.
2025-12-04 00:37:49,390 - INFO = Prices Found: [29.99, 9.99]
2025-12-04 00:37:49,390 - INFO = Summary Labels: {'subtotal': 39.98, 'tax': 3.2, 'total': 43.18}
2025-12-04 00:37:49,390 - INFO = PASSED: All calculations are correct.
2025-12-04 00:37:51,553 - INFO = =====================================
2025-12-04 00:37:51,553 - INFO = STARTING TEST: test_12_cancel_button_overview_bug
2025-12-04 00:37:51,553 - INFO = =====================================
2025-12-04 00:37:52,910 - INFO = --- Running Positive Test: standard_user ---
2025-12-04 00:37:54,582 - INFO = --- Checkout Page Test Started ---
2025-12-04 00:37:54,583 - INFO = Scenario: Cancel Button Navigation (Overview) - BUG CHECK
2025-12-04 00:37:54,583 - INFO = Scenario: Continue to Overview Page
2025-12-04 00:37:54,583 - INFO = Precondition: Adding 2 items and navigating to checkout...
2025-12-04 00:37:55,391 - INFO = PASSED: Successfully entered Overview Page.
2025-12-04 00:37:55,391 - INFO = Clicking Cancel Button...
2025-12-04 00:37:55,469 - ERROR = BUG CONFIRMED: Cancel button redirected to Inventory Page instead of Cart.
2025-12-04 00:37:57,655 - INFO = =====================================
2025-12-04 00:37:57,655 - INFO = STARTING TEST: test_13_finish_order
2025-12-04 00:37:57,655 - INFO = =====================================
2025-12-04 00:37:58,886 - INFO = --- Running Positive Test: standard_user ---
2025-12-04 00:38:00,899 - INFO = --- Checkout Page Test Started ---
2025-12-04 00:38:00,899 - INFO = Scenario: Finish Order & Badge Reset
2025-12-04 00:38:00,900 - INFO = Scenario: Continue to Overview Page
2025-12-04 00:38:00,900 - INFO = Precondition: Adding 2 items and navigating to checkout...
2025-12-04 00:38:01,649 - INFO = PASSED: Successfully entered Overview Page.
2025-12-04 00:38:01,649 - INFO = Clicking Finish Button...
2025-12-04 00:43:56,675 - INFO = =====================================
2025-12-04 00:43:56,675 - INFO = STARTING TEST: test_01_02_access_checkout_info
2025-12-04 00:43:56,675 - INFO = =====================================
2025-12-04 00:43:57,844 - INFO = --- Running Positive Test: standard_user ---
2025-12-04 00:43:58,922 - INFO = --- Checkout Page Test Started ---
2025-12-04 00:43:58,923 - INFO = Scenario: Access Checkout Step One (Information Page)
2025-12-04 00:43:58,923 - INFO = Precondition: Adding 2 items and navigating to checkout...
2025-12-04 00:43:59,286 - INFO = PASSED: URL is correct.
2025-12-04 00:43:59,306 - INFO = PASSED: Page title verified.
2025-12-04 00:44:01,450 - INFO = =====================================
2025-12-04 00:44:01,450 - INFO = STARTING TEST: test_03_validate_ui_components
2025-12-04 00:44:01,450 - INFO = =====================================
2025-12-04 00:44:02,538 - INFO = --- Running Positive Test: standard_user ---
2025-12-04 00:44:03,519 - INFO = --- Checkout Page Test Started ---
2025-12-04 00:44:03,520 - INFO = Scenario: Validate UI Components Visibility
2025-12-04 00:44:03,520 - INFO = Precondition: Adding 2 items and navigating to checkout...
2025-12-04 00:44:03,965 - INFO = PASSED: All input fields are visible.
2025-12-04 00:44:06,069 - INFO = =====================================
2025-12-04 00:44:06,069 - INFO = STARTING TEST: test_04_fill_information_success
2025-12-04 00:44:06,069 - INFO = =====================================
2025-12-04 00:44:07,226 - INFO = --- Running Positive Test: standard_user ---
2025-12-04 00:44:08,118 - INFO = --- Checkout Page Test Started ---
2025-12-04 00:44:08,118 - INFO = Scenario: Fill Checkout Information (Positive)
2025-12-04 00:44:08,118 - INFO = Precondition: Adding 2 items and navigating to checkout...
2025-12-04 00:44:08,521 - INFO = Inputting data: Tester John
2025-12-04 00:44:10,692 - INFO = =====================================
2025-12-04 00:44:10,692 - INFO = STARTING TEST: test_05_negative_empty_firstname
2025-12-04 00:44:10,692 - INFO = =====================================
2025-12-04 00:44:11,793 - INFO = --- Running Positive Test: standard_user ---
2025-12-04 00:44:12,765 - INFO = --- Checkout Page Test Started ---
2025-12-04 00:44:12,766 - INFO = Scenario: Validate Error for Empty First Name
2025-12-04 00:44:12,766 - INFO = Precondition: Adding 2 items and navigating to checkout...
2025-12-04 00:44:13,335 - INFO = PASSED: Correct error message displayed.
2025-12-04 00:44:15,448 - INFO = =====================================
2025-12-04 00:44:15,449 - INFO = STARTING TEST: test_06_negative_empty_lastname
2025-12-04 00:44:15,449 - INFO = =====================================
2025-12-04 00:44:16,609 - INFO = --- Running Positive Test: standard_user ---
2025-12-04 00:44:17,763 - INFO = --- Checkout Page Test Started ---
2025-12-04 00:44:17,763 - INFO = Scenario: Validate Error for Empty Last Name
2025-12-04 00:44:17,763 - INFO = Precondition: Adding 2 items and navigating to checkout...
2025-12-04 00:44:18,301 - INFO = PASSED: Correct error message displayed.
2025-12-04 00:44:20,417 - INFO = =====================================
2025-12-04 00:44:20,417 - INFO = STARTING TEST: test_07_negative_empty_postalcode
2025-12-04 00:44:20,417 - INFO = =====================================
2025-12-04 00:44:21,492 - INFO = --- Running Positive Test: standard_user ---
2025-12-04 00:44:22,518 - INFO = --- Checkout Page Test Started ---
2025-12-04 00:44:22,518 - INFO = Scenario: Validate Error for Empty Zip Code
2025-12-04 00:44:22,518 - INFO = Precondition: Adding 2 items and navigating to checkout...
2025-12-04 00:44:23,135 - INFO = PASSED: Correct error message displayed.
2025-12-04 00:44:25,236 - INFO = =====================================
2025-12-04 00:44:25,236 - INFO = STARTING TEST: test_08_negative_all_empty
2025-12-04 00:44:25,236 - INFO = =====================================
2025-12-04 00:44:26,409 - INFO = --- Running Positive Test: standard_user ---
2025-12-04 00:44:27,379 - INFO = --- Checkout Page Test Started ---
2025-12-04 00:44:27,379 - INFO = Scenario: Validate Priority Error (All Empty)
2025-12-04 00:44:27,379 - INFO = Precondition: Adding 2 items and navigating to checkout...
2025-12-04 00:44:27,860 - INFO = PASSED: System correctly prioritizes First Name error.
2025-12-04 00:44:29,986 - INFO = =====================================
2025-12-04 00:44:29,987 - INFO = STARTING TEST: test_09_cancel_button_step_one
2025-12-04 00:44:29,987 - INFO = =====================================
2025-12-04 00:44:31,089 - INFO = --- Running Positive Test: standard_user ---
2025-12-04 00:44:32,463 - INFO = --- Checkout Page Test Started ---
2025-12-04 00:44:32,463 - INFO = Scenario: Cancel Button Navigation (Step One)
2025-12-04 00:44:32,463 - INFO = Precondition: Adding 2 items and navigating to checkout...
2025-12-04 00:44:32,883 - INFO = PASSED: Redirected back to Cart.
2025-12-04 00:44:35,000 - INFO = =====================================
2025-12-04 00:44:35,000 - INFO = STARTING TEST: test_10_continue_to_overview
2025-12-04 00:44:35,000 - INFO = =====================================
2025-12-04 00:44:36,187 - INFO = --- Running Positive Test: standard_user ---
2025-12-04 00:44:37,260 - INFO = --- Checkout Page Test Started ---
2025-12-04 00:44:37,260 - INFO = Scenario: Continue to Overview Page
2025-12-04 00:44:37,260 - INFO = Precondition: Adding 2 items and navigating to checkout...
2025-12-04 00:44:38,051 - INFO = PASSED: Successfully entered Overview Page.
2025-12-04 00:44:40,182 - INFO = =====================================
2025-12-04 00:44:40,183 - INFO = STARTING TEST: test_11_validate_overview_calculations
2025-12-04 00:44:40,183 - INFO = =====================================
2025-12-04 00:44:41,413 - INFO = --- Running Positive Test: standard_user ---
2025-12-04 00:44:42,607 - INFO = --- Checkout Page Test Started ---
2025-12-04 00:44:42,607 - INFO = Scenario: Validate Math Calculations (Subtotal, Tax, Total)
2025-12-04 00:44:42,607 - INFO = Scenario: Continue to Overview Page
2025-12-04 00:44:42,607 - INFO = Precondition: Adding 2 items and navigating to checkout...
2025-12-04 00:44:43,264 - INFO = PASSED: Successfully entered Overview Page.
2025-12-04 00:44:43,345 - INFO = Prices Found: [29.99, 9.99]
2025-12-04 00:44:43,345 - INFO = Summary Labels: {'subtotal': 39.98, 'tax': 3.2, 'total': 43.18}
2025-12-04 00:44:45,495 - INFO = =====================================
2025-12-04 00:44:45,495 - INFO = STARTING TEST: test_12_cancel_button_overview_bug
2025-12-04 00:44:45,495 - INFO = =====================================
2025-12-04 00:44:46,681 - INFO = --- Running Positive Test: standard_user ---
2025-12-04 00:44:48,094 - INFO = --- Checkout Page Test Started ---
2025-12-04 00:44:48,094 - INFO = Scenario: Cancel Button Navigation (Overview) - BUG CHECK
2025-12-04 00:44:48,094 - INFO = Scenario: Continue to Overview Page
2025-12-04 00:44:48,094 - INFO = Precondition: Adding 2 items and navigating to checkout...
2025-12-04 00:44:48,846 - INFO = PASSED: Successfully entered Overview Page.
2025-12-04 00:44:48,846 - INFO = Clicking Cancel Button...
2025-12-04 00:44:48,937 - ERROR = BUG CONFIRMED: Cancel button redirected to Inventory Page instead of Cart.
2025-12-04 00:44:51,060 - INFO = =====================================
2025-12-04 00:44:51,061 - INFO = STARTING TEST: test_13_finish_order
2025-12-04 00:44:51,061 - INFO = =====================================
2025-12-04 00:44:52,261 - INFO = --- Running Positive Test: standard_user ---
2025-12-04 00:44:53,453 - INFO = --- Checkout Page Test Started ---
2025-12-04 00:44:53,454 - INFO = Scenario: Finish Order & Badge Reset
2025-12-04 00:44:53,454 - INFO = Scenario: Continue to Overview Page
2025-12-04 00:44:53,454 - INFO = Precondition: Adding 2 items and navigating to checkout...
2025-12-04 00:44:54,095 - INFO = PASSED: Successfully entered Overview Page.
2025-12-04 00:44:54,095 - INFO = Clicking Finish Button...
2025-12-04 00:44:54,222 - INFO = PASSED: Order Completed successfully.
2025-12-04 00:44:54,223 - INFO = Clicking Back Home...
2025-12-04 00:44:56,338 - INFO = PASSED: Redirected to Inventory and Cart Badge is 0.
2025-12-04 00:45:45,656 - INFO = =====================================
2025-12-04 00:45:45,656 - INFO = STARTING TEST: test_01_02_access_checkout_info
2025-12-04 00:45:45,657 - INFO = =====================================
2025-12-04 00:45:46,839 - INFO = --- Running Positive Test: standard_user ---
2025-12-04 00:45:48,900 - INFO = --- Checkout Page Test Started ---
2025-12-04 00:45:48,900 - INFO = Scenario: Access Checkout Step One (Information Page)
2025-12-04 00:45:48,901 - INFO = Precondition: Adding 2 items and navigating to checkout...
2025-12-04 00:45:49,295 - INFO = PASSED: URL is correct.
2025-12-04 00:45:49,317 - INFO = PASSED: Page title verified.
2025-12-04 00:45:51,479 - INFO = =====================================
2025-12-04 00:45:51,480 - INFO = STARTING TEST: test_03_validate_ui_components
2025-12-04 00:45:51,480 - INFO = =====================================
2025-12-04 00:45:52,714 - INFO = --- Running Positive Test: standard_user ---
2025-12-04 00:45:54,119 - INFO = --- Checkout Page Test Started ---
2025-12-04 00:45:54,119 - INFO = Scenario: Validate UI Components Visibility
2025-12-04 00:45:54,119 - INFO = Precondition: Adding 2 items and navigating to checkout...
2025-12-04 00:45:54,586 - INFO = PASSED: All input fields are visible.
2025-12-04 00:45:56,708 - INFO = =====================================
2025-12-04 00:45:56,708 - INFO = STARTING TEST: test_04_fill_information_success
2025-12-04 00:45:56,708 - INFO = =====================================
2025-12-04 00:45:57,884 - INFO = --- Running Positive Test: standard_user ---
2025-12-04 00:45:59,025 - INFO = --- Checkout Page Test Started ---
2025-12-04 00:45:59,025 - INFO = Scenario: Fill Checkout Information (Positive)
2025-12-04 00:45:59,025 - INFO = Precondition: Adding 2 items and navigating to checkout...
2025-12-04 00:45:59,421 - INFO = Inputting data: Tester John
2025-12-04 00:46:01,586 - INFO = =====================================
2025-12-04 00:46:01,586 - INFO = STARTING TEST: test_05_negative_empty_firstname
2025-12-04 00:46:01,587 - INFO = =====================================
2025-12-04 00:46:02,697 - INFO = --- Running Positive Test: standard_user ---
2025-12-04 00:46:04,388 - INFO = --- Checkout Page Test Started ---
2025-12-04 00:46:04,388 - INFO = Scenario: Validate Error for Empty First Name
2025-12-04 00:46:04,388 - INFO = Precondition: Adding 2 items and navigating to checkout...
2025-12-04 00:46:04,890 - INFO = PASSED: Correct error message displayed.
2025-12-04 00:46:07,008 - INFO = =====================================
2025-12-04 00:46:07,008 - INFO = STARTING TEST: test_06_negative_empty_lastname
2025-12-04 00:46:07,009 - INFO = =====================================
2025-12-04 00:46:08,168 - INFO = --- Running Positive Test: standard_user ---
2025-12-04 00:46:09,188 - INFO = --- Checkout Page Test Started ---
2025-12-04 00:46:09,188 - INFO = Scenario: Validate Error for Empty Last Name
2025-12-04 00:46:09,188 - INFO = Precondition: Adding 2 items and navigating to checkout...
2025-12-04 00:46:09,849 - INFO = PASSED: Correct error message displayed.
2025-12-04 00:46:11,991 - INFO = =====================================
2025-12-04 00:46:11,991 - INFO = STARTING TEST: test_07_negative_empty_postalcode
2025-12-04 00:46:11,991 - INFO = =====================================
2025-12-04 00:46:13,084 - INFO = --- Running Positive Test: standard_user ---
2025-12-04 00:46:14,326 - INFO = --- Checkout Page Test Started ---
2025-12-04 00:46:14,326 - INFO = Scenario: Validate Error for Empty Zip Code
2025-12-04 00:46:14,326 - INFO = Precondition: Adding 2 items and navigating to checkout...
2025-12-04 00:46:14,917 - INFO = PASSED: Correct error message displayed.
2025-12-04 00:46:17,039 - INFO = =====================================
2025-12-04 00:46:17,040 - INFO = STARTING TEST: test_08_negative_all_empty
2025-12-04 00:46:17,040 - INFO = =====================================
2025-12-04 00:46:18,207 - INFO = --- Running Positive Test: standard_user ---
2025-12-04 00:46:19,138 - INFO = --- Checkout Page Test Started ---
2025-12-04 00:46:19,138 - INFO = Scenario: Validate Priority Error (All Empty)
2025-12-04 00:46:19,138 - INFO = Precondition: Adding 2 items and navigating to checkout...
2025-12-04 00:46:19,598 - INFO = PASSED: System correctly prioritizes First Name error.
2025-12-04 00:46:21,735 - INFO = =====================================
2025-12-04 00:46:21,735 - INFO = STARTING TEST: test_09_cancel_button_step_one
2025-12-04 00:46:21,735 - INFO = =====================================
2025-12-04 00:46:22,843 - INFO = --- Running Positive Test: standard_user ---
2025-12-04 00:46:27,324 - INFO = --- Checkout Page Test Started ---
2025-12-04 00:46:27,324 - INFO = Scenario: Cancel Button Navigation (Step One)
2025-12-04 00:46:27,324 - INFO = Precondition: Adding 2 items and navigating to checkout...
2025-12-04 00:46:27,791 - INFO = PASSED: Redirected back to Cart.
2025-12-04 00:46:29,902 - INFO = =====================================
2025-12-04 00:46:29,902 - INFO = STARTING TEST: test_10_continue_to_overview
2025-12-04 00:46:29,902 - INFO = =====================================
2025-12-04 00:46:31,078 - INFO = --- Running Positive Test: standard_user ---
2025-12-04 00:46:32,039 - INFO = --- Checkout Page Test Started ---
2025-12-04 00:46:32,039 - INFO = Scenario: Continue to Overview Page
2025-12-04 00:46:32,039 - INFO = Precondition: Adding 2 items and navigating to checkout...
2025-12-04 00:46:32,836 - INFO = PASSED: Successfully entered Overview Page.
2025-12-04 00:46:34,969 - INFO = =====================================
2025-12-04 00:46:34,970 - INFO = STARTING TEST: test_11_validate_overview_calculations
2025-12-04 00:46:34,970 - INFO = =====================================
2025-12-04 00:46:36,142 - INFO = --- Running Positive Test: standard_user ---
2025-12-04 00:46:37,166 - INFO = --- Checkout Page Test Started ---
2025-12-04 00:46:37,166 - INFO = Scenario: Validate Math Calculations (Subtotal, Tax, Total)
2025-12-04 00:46:37,166 - INFO = Scenario: Continue to Overview Page
2025-12-04 00:46:37,166 - INFO = Precondition: Adding 2 items and navigating to checkout...
2025-12-04 00:46:37,809 - INFO = PASSED: Successfully entered Overview Page.
2025-12-04 00:46:37,896 - INFO = Prices Found: [29.99, 9.99]
2025-12-04 00:46:37,896 - INFO = Summary Labels: {'subtotal': 39.98, 'tax': 3.2, 'total': 43.18}
2025-12-04 00:46:37,896 - INFO = PASSED: All calculations are correct.
2025-12-04 00:46:40,027 - INFO = =====================================
2025-12-04 00:46:40,027 - INFO = STARTING TEST: test_12_cancel_button_overview_bug
2025-12-04 00:46:40,028 - INFO = =====================================
2025-12-04 00:46:41,226 - INFO = --- Running Positive Test: standard_user ---
2025-12-04 00:46:42,305 - INFO = --- Checkout Page Test Started ---
2025-12-04 00:46:42,305 - INFO = Scenario: Cancel Button Navigation (Overview) - BUG CHECK
2025-12-04 00:46:42,305 - INFO = Scenario: Continue to Overview Page
2025-12-04 00:46:42,305 - INFO = Precondition: Adding 2 items and navigating to checkout...
2025-12-04 00:46:42,900 - INFO = PASSED: Successfully entered Overview Page.
2025-12-04 00:46:42,900 - INFO = Clicking Cancel Button...
2025-12-04 00:46:42,961 - ERROR = BUG CONFIRMED: Cancel button redirected to Inventory Page instead of Cart.
2025-12-04 00:46:45,196 - INFO = =====================================
2025-12-04 00:46:45,196 - INFO = STARTING TEST: test_13_finish_order
2025-12-04 00:46:45,196 - INFO = =====================================
2025-12-04 00:46:46,372 - INFO = --- Running Positive Test: standard_user ---
2025-12-04 00:46:47,684 - INFO = --- Checkout Page Test Started ---
2025-12-04 00:46:47,684 - INFO = Scenario: Finish Order & Badge Reset
2025-12-04 00:46:47,684 - INFO = Scenario: Continue to Overview Page
2025-12-04 00:46:47,684 - INFO = Precondition: Adding 2 items and navigating to checkout...
2025-12-04 00:46:48,380 - INFO = PASSED: Successfully entered Overview Page.
2025-12-04 00:46:48,380 - INFO = Clicking Finish Button...
2025-12-04 00:46:48,521 - INFO = PASSED: Order Completed successfully.
2025-12-04 00:46:48,521 - INFO = Clicking Back Home...
2025-12-04 00:46:50,664 - INFO = PASSED: Redirected to Inventory and Cart Badge is 0.
2025-12-04 00:47:56,926 - INFO = =====================================
2025-12-04 00:47:56,926 - INFO = STARTING TEST: test_01_02_access_checkout_info
2025-12-04 00:47:56,926 - INFO = =====================================
2025-12-04 00:47:58,124 - INFO = --- Running Positive Test: standard_user ---
2025-12-04 00:47:59,409 - INFO = --- Checkout Page Test Started ---
2025-12-04 00:47:59,409 - INFO = Scenario: Access Checkout Step One (Information Page)
2025-12-04 00:47:59,409 - INFO = Precondition: Adding 2 items and navigating to checkout...
2025-12-04 00:47:59,871 - INFO = PASSED: URL is correct.
2025-12-04 00:47:59,891 - INFO = PASSED: Page title verified.
2025-12-04 00:48:02,044 - INFO = =====================================
2025-12-04 00:48:02,044 - INFO = STARTING TEST: test_03_validate_ui_components
2025-12-04 00:48:02,044 - INFO = =====================================
2025-12-04 00:48:03,216 - INFO = --- Running Positive Test: standard_user ---
2025-12-04 00:48:04,696 - INFO = --- Checkout Page Test Started ---
2025-12-04 00:48:04,696 - INFO = Scenario: Validate UI Components Visibility
2025-12-04 00:48:04,696 - INFO = Precondition: Adding 2 items and navigating to checkout...
2025-12-04 00:48:05,209 - INFO = PASSED: All input fields are visible.
2025-12-04 00:48:07,345 - INFO = =====================================
2025-12-04 00:48:07,346 - INFO = STARTING TEST: test_04_fill_information_success
2025-12-04 00:48:07,346 - INFO = =====================================
2025-12-04 00:48:08,531 - INFO = --- Running Positive Test: standard_user ---
2025-12-04 00:48:09,662 - INFO = --- Checkout Page Test Started ---
2025-12-04 00:48:09,663 - INFO = Scenario: Fill Checkout Information (Positive)
2025-12-04 00:48:09,663 - INFO = Precondition: Adding 2 items and navigating to checkout...
2025-12-04 00:48:10,058 - INFO = Inputting data: Tester John
2025-12-04 00:48:10,242 - INFO = PASSED: Data input successful (No errors raised).
2025-12-04 00:48:12,355 - INFO = =====================================
2025-12-04 00:48:12,355 - INFO = STARTING TEST: test_05_negative_empty_firstname
2025-12-04 00:48:12,355 - INFO = =====================================
2025-12-04 00:48:13,443 - INFO = --- Running Positive Test: standard_user ---
2025-12-04 00:48:14,489 - INFO = --- Checkout Page Test Started ---
2025-12-04 00:48:14,489 - INFO = Scenario: Validate Error for Empty First Name
2025-12-04 00:48:14,489 - INFO = Precondition: Adding 2 items and navigating to checkout...
2025-12-04 00:48:15,136 - INFO = PASSED: Correct error message displayed.
2025-12-04 00:48:17,256 - INFO = =====================================
2025-12-04 00:48:17,256 - INFO = STARTING TEST: test_06_negative_empty_lastname
2025-12-04 00:48:17,256 - INFO = =====================================
2025-12-04 00:48:18,427 - INFO = --- Running Positive Test: standard_user ---
2025-12-04 00:48:19,409 - INFO = --- Checkout Page Test Started ---
2025-12-04 00:48:19,409 - INFO = Scenario: Validate Error for Empty Last Name
2025-12-04 00:48:19,409 - INFO = Precondition: Adding 2 items and navigating to checkout...
2025-12-04 00:48:20,040 - INFO = PASSED: Correct error message displayed.
2025-12-04 00:48:22,152 - INFO = =====================================
2025-12-04 00:48:22,152 - INFO = STARTING TEST: test_07_negative_empty_postalcode
2025-12-04 00:48:22,152 - INFO = =====================================
2025-12-04 00:48:23,226 - INFO = --- Running Positive Test: standard_user ---
2025-12-04 00:48:24,534 - INFO = --- Checkout Page Test Started ---
2025-12-04 00:48:24,535 - INFO = Scenario: Validate Error for Empty Zip Code
2025-12-04 00:48:24,535 - INFO = Precondition: Adding 2 items and navigating to checkout...
2025-12-04 00:48:25,178 - INFO = PASSED: Correct error message displayed.
2025-12-04 00:48:27,305 - INFO = =====================================
2025-12-04 00:48:27,305 - INFO = STARTING TEST: test_08_negative_all_empty
2025-12-04 00:48:27,305 - INFO = =====================================
2025-12-04 00:48:28,465 - INFO = --- Running Positive Test: standard_user ---
2025-12-04 00:48:29,398 - INFO = --- Checkout Page Test Started ---
2025-12-04 00:48:29,399 - INFO = Scenario: Validate Priority Error (All Empty)
2025-12-04 00:48:29,399 - INFO = Precondition: Adding 2 items and navigating to checkout...
2025-12-04 00:48:29,883 - INFO = PASSED: System correctly prioritizes First Name error.
2025-12-04 00:48:31,989 - INFO = =====================================
2025-12-04 00:48:31,989 - INFO = STARTING TEST: test_09_cancel_button_step_one
2025-12-04 00:48:31,989 - INFO = =====================================
2025-12-04 00:48:33,069 - INFO = --- Running Positive Test: standard_user ---
2025-12-04 00:48:34,191 - INFO = --- Checkout Page Test Started ---
2025-12-04 00:48:34,192 - INFO = Scenario: Cancel Button Navigation (Step One)
2025-12-04 00:48:34,192 - INFO = Precondition: Adding 2 items and navigating to checkout...
2025-12-04 00:48:34,619 - INFO = PASSED: Redirected back to Cart.
2025-12-04 00:48:36,733 - INFO = =====================================
2025-12-04 00:48:36,733 - INFO = STARTING TEST: test_10_continue_to_overview
2025-12-04 00:48:36,733 - INFO = =====================================
2025-12-04 00:48:37,916 - INFO = --- Running Positive Test: standard_user ---
2025-12-04 00:48:39,063 - INFO = --- Checkout Page Test Started ---
2025-12-04 00:48:39,063 - INFO = Scenario: Continue to Overview Page
2025-12-04 00:48:39,063 - INFO = Precondition: Adding 2 items and navigating to checkout...
2025-12-04 00:48:39,760 - INFO = PASSED: Successfully entered Overview Page.
2025-12-04 00:48:41,897 - INFO = =====================================
2025-12-04 00:48:41,898 - INFO = STARTING TEST: test_11_validate_overview_calculations
2025-12-04 00:48:41,898 - INFO = =====================================
2025-12-04 00:48:43,069 - INFO = --- Running Positive Test: standard_user ---
2025-12-04 00:48:44,154 - INFO = --- Checkout Page Test Started ---
2025-12-04 00:48:44,154 - INFO = Scenario: Validate Math Calculations (Subtotal, Tax, Total)
2025-12-04 00:48:44,154 - INFO = Scenario: Continue to Overview Page
2025-12-04 00:48:44,155 - INFO = Precondition: Adding 2 items and navigating to checkout...
2025-12-04 00:48:44,878 - INFO = PASSED: Successfully entered Overview Page.
2025-12-04 00:48:44,992 - INFO = Prices Found: [29.99, 9.99]
2025-12-04 00:48:44,992 - INFO = Summary Labels: {'subtotal': 39.98, 'tax': 3.2, 'total': 43.18}
2025-12-04 00:48:44,992 - INFO = PASSED: All calculations are correct.
2025-12-04 00:48:47,110 - INFO = =====================================
2025-12-04 00:48:47,110 - INFO = STARTING TEST: test_12_cancel_button_overview_bug
2025-12-04 00:48:47,110 - INFO = =====================================
2025-12-04 00:48:48,299 - INFO = --- Running Positive Test: standard_user ---
2025-12-04 00:48:49,381 - INFO = --- Checkout Page Test Started ---
2025-12-04 00:48:49,382 - INFO = Scenario: Cancel Button Navigation (Overview) - BUG CHECK
2025-12-04 00:48:49,382 - INFO = Scenario: Continue to Overview Page
2025-12-04 00:48:49,382 - INFO = Precondition: Adding 2 items and navigating to checkout...
2025-12-04 00:48:50,087 - INFO = PASSED: Successfully entered Overview Page.
2025-12-04 00:48:50,087 - INFO = Clicking Cancel Button...
2025-12-04 00:48:50,158 - ERROR = BUG CONFIRMED: Cancel button redirected to Inventory Page instead of Cart.
2025-12-04 00:48:52,340 - INFO = =====================================
2025-12-04 00:48:52,340 - INFO = STARTING TEST: test_13_finish_order
2025-12-04 00:48:52,340 - INFO = =====================================
2025-12-04 00:48:53,606 - INFO = --- Running Positive Test: standard_user ---
2025-12-04 00:48:54,560 - INFO = --- Checkout Page Test Started ---
2025-12-04 00:48:54,560 - INFO = Scenario: Finish Order & Badge Reset
2025-12-04 00:48:54,560 - INFO = Scenario: Continue to Overview Page
2025-12-04 00:48:54,561 - INFO = Precondition: Adding 2 items and navigating to checkout...
2025-12-04 00:48:55,283 - INFO = PASSED: Successfully entered Overview Page.
2025-12-04 00:48:55,283 - INFO = Clicking Finish Button...
2025-12-04 00:48:55,392 - INFO = PASSED: Order Completed successfully.
2025-12-04 00:48:55,392 - INFO = Clicking Back Home...
2025-12-04 00:48:57,553 - INFO = PASSED: Redirected to Inventory and Cart Badge is 0.
